<?xml version="1.0" encoding="UTF-8"?>
<!-- Generated by org.testng.reporters.JUnitXMLReporter -->
<testsuite ignored="1" hostname="Skunds-MacBook-Pro.local" failures="1" tests="4" name="Test" time="7.274" errors="0" timestamp="2022-02-27T21:48:06 IST">
  <testcase classname="com.tests.testclasses.NewBookingAPI" name="new_Booking_API_Test01" time="5.252"/>
  <testcase classname="com.tests.testclasses.NewBookingAPI" name="new_Booking_API_Test02" time="0.027"/>
  <testcase classname="com.tests.testclasses.FetchBookingByBookingIDAPI" name="fetch_Booking_By_Booking_ID_API_Test01" time="1.595"/>
  <testcase classname="com.tests.testclasses.FetchBookingByBookingIDAPI" name="fetch_Booking_By_Booking_ID_API_Test02" time="0.162">
    <failure type="java.lang.AssertionError" message="Incorrect status code obtained in response. expected [301] but found [200]">
      <![CDATA[java.lang.AssertionError: Incorrect status code obtained in response. expected [301] but found [200]
at com.tests.utilities.TestUtils.assertResponseStatusCode(TestUtils.java:16)
at com.tests.testclasses.FetchBookingByBookingIDAPI.fetch_Booking_By_Booking_ID_API_Test02(FetchBookingByBookingIDAPI.java:35)
at java.base/java.util.ArrayList.forEach(ArrayList.java:1541)
... Removed 32 stack frames]]>
    </failure>
  </testcase> <!-- fetch_Booking_By_Booking_ID_API_Test02 -->
  <testcase classname="com.tests.utilities.BaseTest" name="@BeforeSuite setBaseURIAndAuthToken" time="0.0">
    <ignored/>
  </testcase> <!-- @BeforeSuite setBaseURIAndAuthToken -->
</testsuite> <!-- Test -->
